12:02:58.44 
12:03:10.66 
Thu 02/06/2020 12:04:09.66 
12:10:26.34 
12:11:45.24 
13:10:27.45 
time 
time 
Thu 02/06/2020 15:33:54.96 
Thu 02/06/2020 16:10:28.83 
Thu 02/06/2020 17:10:29.08 
Thu 02/06/2020 18:10:29.32 
Thu 02/06/2020 19:10:29.56 
Thu 02/06/2020 20:10:29.57 
Thu 02/06/2020 21:10:29.69 
Thu 02/06/2020 22:10:29.68 
Thu 02/06/2020 23:10:29.63 
Fri 02/07/2020  0:10:30.65 
Fri 02/07/2020  1:10:30.74 
Fri 02/07/2020  2:10:37.61 
Fri 02/07/2020  3:10:32.82 
Fri 02/07/2020  4:10:32.67 
Fri 02/07/2020  5:10:33.67 
Fri 02/07/2020  6:10:36.51 
Fri 02/07/2020  7:10:33.74 
Fri 02/07/2020  8:10:35.35 
Fri 02/07/2020  9:10:35.29 
Fri 02/07/2020 10:10:35.95 
Fri 02/07/2020 11:10:36.76 
Fri 02/07/2020 12:11:56.63 
Fri 02/07/2020 13:10:49.10 
Fri 02/07/2020 14:10:40.21 
Fri 02/07/2020 15:10:39.64 
Fri 02/07/2020 16:10:40.45 
Fri 02/07/2020 17:10:39.49 
Fri 02/07/2020 18:10:41.12 
Fri 02/07/2020 19:10:40.37 
Fri 02/07/2020 20:10:42.30 
Fri 02/07/2020 21:10:45.00 
Fri 02/07/2020 22:10:42.20 
Fri 02/07/2020 23:10:46.10 
Sat 02/08/2020  0:10:45.57 
Sat 02/08/2020  1:10:47.54 
Sat 02/08/2020  2:10:44.26 
Sat 02/08/2020  3:10:45.89 
Sat 02/08/2020  4:10:45.17 
Sat 02/08/2020  5:10:46.72 
Sat 02/08/2020  6:10:48.05 
Sat 02/08/2020  7:10:49.01 
Sat 02/08/2020  8:10:48.46 
Sat 02/08/2020  9:10:50.32 
Sat 02/08/2020 10:10:48.82 
Sat 02/08/2020 11:10:49.43 
Sat 02/08/2020 12:10:48.98 
Sat 02/08/2020 13:10:50.48 
Sat 02/08/2020 14:10:50.56 
Sat 02/08/2020 15:10:51.36 
Sat 02/08/2020 16:10:51.68 
Sat 02/08/2020 17:10:54.28 
Sat 02/08/2020 18:10:53.32 
Sat 02/08/2020 19:10:53.87 
Sat 02/08/2020 20:10:54.75 
Sat 02/08/2020 21:10:54.26 
Sat 02/08/2020 22:10:55.00 
Sat 02/08/2020 23:10:54.35 
Sun 02/09/2020  0:10:55.45 
Sun 02/09/2020  1:10:55.47 
Sun 02/09/2020  2:10:56.13 
Sun 02/09/2020  3:10:57.10 
Sun 02/09/2020  4:10:57.38 
Sun 02/09/2020  5:10:56.44 
Sun 02/09/2020  6:10:58.19 
Sun 02/09/2020  7:10:57.05 
Sun 02/09/2020  8:10:58.46 
Sun 02/09/2020  9:10:58.23 
Sun 02/09/2020 10:10:59.23 
Sun 02/09/2020 11:10:59.30 
Sun 02/09/2020 12:10:59.97 
Sun 02/09/2020 13:11:00.03 
Sun 02/09/2020 14:11:02.87 
Sun 02/09/2020 15:11:01.06 
Sun 02/09/2020 16:11:01.99 
Sun 02/09/2020 17:11:02.62 
Sun 02/09/2020 18:11:02.99 
Sun 02/09/2020 19:11:02.63 
Sun 02/09/2020 20:11:03.32 
Sun 02/09/2020 21:11:05.08 
Sun 02/09/2020 22:11:04.41 
Sun 02/09/2020 23:11:05.79 
Mon 02/10/2020  0:11:05.59 
Mon 02/10/2020  1:11:06.89 
Mon 02/10/2020  2:11:06.56 
Mon 02/10/2020  3:11:07.25 
Mon 02/10/2020  4:11:07.69 
Mon 02/10/2020  5:11:07.23 
Mon 02/10/2020  6:11:08.39 
Mon 02/10/2020  7:11:09.24 
Mon 02/10/2020  8:11:09.79 
Mon 02/10/2020  9:11:11.82 
Mon 02/10/2020 10:11:10.31 
Mon 02/10/2020 11:11:11.22 
Mon 02/10/2020 12:11:11.41 
Mon 02/10/2020 13:11:12.30 
Mon 02/10/2020 14:11:12.08 
Mon 02/10/2020 15:11:14.06 
Mon 02/10/2020 16:11:15.38 
Mon 02/10/2020 17:11:15.16 
Mon 02/10/2020 18:11:14.32 
Mon 02/10/2020 19:11:15.75 
Mon 02/10/2020 20:11:15.67 
Mon 02/10/2020 21:11:16.64 
Mon 02/10/2020 22:11:17.74 
Mon 02/10/2020 23:11:17.77 
Tue 02/11/2020  0:11:18.67 
Tue 02/11/2020  1:11:18.74 
Tue 02/11/2020  2:11:19.61 
Tue 02/11/2020  3:11:20.58 
Tue 02/11/2020  4:11:21.06 
Tue 02/11/2020  5:11:20.43 
Tue 02/11/2020  6:11:21.95 
Tue 02/11/2020  7:11:21.32 
Tue 02/11/2020  8:11:22.58 
Tue 02/11/2020  9:11:22.92 
Tue 02/11/2020 10:11:23.92 
Tue 02/11/2020 11:11:23.57 
Tue 02/11/2020 12:11:24.54 
Tue 02/11/2020 13:11:26.03 
Tue 02/11/2020 14:11:26.61 
Tue 02/11/2020 15:11:25.66 
Tue 02/11/2020 16:11:26.91 
Tue 02/11/2020 17:11:26.58 
Tue 02/11/2020 18:11:28.08 
Tue 02/11/2020 19:11:30.80 
Tue 02/11/2020 20:11:29.82 
Tue 02/11/2020 21:11:29.20 
Tue 02/11/2020 22:11:30.26 
Tue 02/11/2020 23:11:31.49 
Wed 02/12/2020  0:11:35.92 
Wed 02/12/2020  1:11:32.24 
Wed 02/12/2020  2:11:32.72 
Wed 02/12/2020  3:13:28.87 
Wed 02/12/2020  4:11:35.48 
Wed 02/12/2020  5:11:35.39 
Wed 02/12/2020  6:11:35.15 
Wed 02/12/2020  7:11:36.49 
Wed 02/12/2020  8:11:37.61 
Wed 02/12/2020  9:11:37.13 
Wed 02/12/2020 10:11:37.57 
Wed 02/12/2020 11:11:36.80 
Wed 02/12/2020 12:11:36.90 
Wed 02/12/2020 13:11:39.12 
Wed 02/12/2020 14:11:39.10 
Wed 02/12/2020 15:11:41.81 
Wed 02/12/2020 16:11:39.03 
Wed 02/12/2020 17:11:39.58 
Wed 02/12/2020 18:11:39.19 
Wed 02/12/2020 19:11:40.41 
Wed 02/12/2020 20:11:40.14 
Wed 02/12/2020 21:11:42.57 
Wed 02/12/2020 22:11:42.93 
Wed 02/12/2020 23:11:42.77 
Thu 02/13/2020  0:11:44.22 
Thu 02/13/2020  1:11:42.42 
Thu 02/13/2020  2:11:44.08 
Thu 02/13/2020  3:11:43.45 
Thu 02/13/2020  4:11:43.29 
Thu 02/13/2020  5:11:43.47 
Thu 02/13/2020  6:11:44.44 
Thu 02/13/2020  7:11:44.24 
Thu 02/13/2020  8:11:45.82 
Thu 02/13/2020  9:11:45.34 
Thu 02/13/2020 10:11:47.87 
Thu 02/13/2020 11:11:47.80 
Thu 02/13/2020 12:11:48.27 
Thu 02/13/2020 13:11:47.74 
Thu 02/13/2020 14:11:53.23 
Thu 02/13/2020 15:11:49.19 
Thu 02/13/2020 16:11:49.29 
Thu 02/13/2020 17:11:50.71 
Thu 02/13/2020 18:11:50.50 
Thu 02/13/2020 19:11:51.05 
Thu 02/13/2020 20:11:52.18 
Thu 02/13/2020 21:11:50.79 
Thu 02/13/2020 22:11:54.00 
Thu 02/13/2020 23:11:52.83 
Fri 02/14/2020  0:11:52.79 
Fri 02/14/2020  1:11:54.01 
Fri 02/14/2020  2:11:53.65 
Fri 02/14/2020  3:11:55.57 
Fri 02/14/2020  4:11:56.47 
Fri 02/14/2020  5:11:56.56 
Fri 02/14/2020  6:11:57.18 
Fri 02/14/2020  7:11:56.67 
Fri 02/14/2020  8:11:56.69 
Fri 02/14/2020  9:11:58.77 
Fri 02/14/2020 10:11:59.21 
Fri 02/14/2020 11:12:00.53 
Fri 02/14/2020 12:12:03.22 
Fri 02/14/2020 13:12:00.90 
Fri 02/14/2020 14:12:02.75 
Fri 02/14/2020 15:12:03.55 
Fri 02/14/2020 16:12:00.77 
Fri 02/14/2020 17:12:02.96 
Fri 02/14/2020 18:12:01.70 
Fri 02/14/2020 19:12:02.51 
Fri 02/14/2020 20:12:02.65 
Fri 02/14/2020 21:12:03.65 
Fri 02/14/2020 22:12:03.58 
Fri 02/14/2020 23:12:05.05 
Sat 02/15/2020  0:12:04.68 
Sat 02/15/2020  1:12:05.65 
Sat 02/15/2020  2:12:05.59 
Sat 02/15/2020  3:12:07.09 
Sat 02/15/2020  4:12:07.15 
Sat 02/15/2020  5:12:07.03 
Sat 02/15/2020  6:12:06.80 
Sat 02/15/2020  7:12:07.15 
Sat 02/15/2020  8:12:09.44 
Sat 02/15/2020  9:12:08.21 
Sat 02/15/2020 10:12:09.40 
Sat 02/15/2020 11:12:09.32 
Sat 02/15/2020 12:12:11.10 
Sat 02/15/2020 13:12:10.41 
Sat 02/15/2020 14:12:10.91 
Sat 02/15/2020 15:12:10.90 
Sat 02/15/2020 16:12:11.93 
Sat 02/15/2020 17:12:12.43 
Sat 02/15/2020 18:12:13.97 
Sat 02/15/2020 19:12:13.55 
Sat 02/15/2020 20:12:14.63 
Sat 02/15/2020 21:12:14.28 
Sat 02/15/2020 22:12:15.08 
Sat 02/15/2020 23:12:14.84 
Sun 02/16/2020  0:12:15.73 
Sun 02/16/2020  1:12:16.30 
Sun 02/16/2020  2:12:16.79 
Sun 02/16/2020  3:12:59.39 
Sun 02/16/2020  4:12:18.96 
Sun 02/16/2020  5:12:18.86 
Sun 02/16/2020  6:12:18.78 
Sun 02/16/2020  7:12:23.32 
Sun 02/16/2020  8:12:21.43 
Sun 02/16/2020  9:12:22.66 
Sun 02/16/2020 10:12:21.25 
Sun 02/16/2020 11:12:21.81 
Sun 02/16/2020 12:12:23.16 
Sun 02/16/2020 13:12:24.16 
Sun 02/16/2020 14:12:23.99 
Sun 02/16/2020 15:12:25.45 
Sun 02/16/2020 16:12:25.88 
Sun 02/16/2020 17:12:26.01 
Sun 02/16/2020 18:12:24.82 
Sun 02/16/2020 19:12:25.94 
Sun 02/16/2020 20:12:27.03 
Sun 02/16/2020 21:12:28.01 
Sun 02/16/2020 22:12:28.14 
Sun 02/16/2020 23:12:29.63 
Mon 02/17/2020  0:13:09.52 
Mon 02/17/2020  1:12:30.32 
Mon 02/17/2020  2:12:30.59 
Mon 02/17/2020  3:12:31.57 
Mon 02/17/2020  4:12:31.23 
Mon 02/17/2020  5:12:32.25 
Mon 02/17/2020  6:12:33.10 
Mon 02/17/2020  7:12:33.64 
Mon 02/17/2020  8:12:34.97 
Mon 02/17/2020  9:12:34.11 
Mon 02/17/2020 10:12:35.69 
Mon 02/17/2020 11:12:33.97 
Mon 02/17/2020 12:12:34.89 
Mon 02/17/2020 13:12:34.80 
Mon 02/17/2020 14:12:36.07 
Mon 02/17/2020 15:12:35.81 
Mon 02/17/2020 16:12:37.08 
Mon 02/17/2020 17:12:36.97 
Mon 02/17/2020 18:12:40.51 
Mon 02/17/2020 19:12:39.97 
Mon 02/17/2020 20:12:40.77 
Mon 02/17/2020 21:12:39.04 
Mon 02/17/2020 22:12:40.75 
Mon 02/17/2020 23:12:39.88 
Tue 02/18/2020  0:12:41.04 
Tue 02/18/2020  1:12:43.14 
Tue 02/18/2020  2:12:43.14 
Tue 02/18/2020  3:12:42.46 
Tue 02/18/2020  4:12:42.14 
Tue 02/18/2020  5:12:43.32 
Tue 02/18/2020  6:12:43.19 
Tue 02/18/2020  7:12:44.45 
Tue 02/18/2020  8:12:44.43 
Tue 02/18/2020  9:12:45.35 
Tue 02/18/2020 10:12:45.41 
Tue 02/18/2020 11:12:46.43 
Tue 02/18/2020 12:12:46.50 
Tue 02/18/2020 13:12:48.54 
Tue 02/18/2020 14:12:48.76 
Tue 02/18/2020 15:12:52.55 
Tue 02/18/2020 16:12:49.35 
Tue 02/18/2020 17:12:50.61 
Tue 02/18/2020 18:12:50.31 
Tue 02/18/2020 19:12:50.02 
Tue 02/18/2020 20:12:51.16 
Tue 02/18/2020 21:12:52.38 
Tue 02/18/2020 22:12:52.31 
Tue 02/18/2020 23:12:53.41 
Wed 02/19/2020  0:12:52.15 
Wed 02/19/2020  1:12:54.25 
Wed 02/19/2020  2:12:54.60 
Wed 02/19/2020  3:12:55.83 
Wed 02/19/2020  4:12:55.63 
Wed 02/19/2020  5:12:56.75 
Wed 02/19/2020  6:12:56.53 
Wed 02/19/2020  7:12:57.47 
Wed 02/19/2020  8:13:00.23 
Wed 02/19/2020  9:12:58.58 
Wed 02/19/2020 10:13:00.06 
Wed 02/19/2020 11:13:00.27 
Wed 02/19/2020 12:13:00.37 
Wed 02/19/2020 13:13:01.70 
Wed 02/19/2020 14:13:01.81 
Wed 02/19/2020 15:13:05.40 
Wed 02/19/2020 16:13:06.66 
Wed 02/19/2020 17:13:12.52 
Wed 02/19/2020 18:13:03.19 
Wed 02/19/2020 19:13:03.39 
Wed 02/19/2020 20:13:04.54 
Wed 02/19/2020 21:13:04.00 
Wed 02/19/2020 22:13:05.07 
Wed 02/19/2020 23:13:11.37 
Thu 02/20/2020  0:13:06.06 
Thu 02/20/2020  1:13:06.85 
Thu 02/20/2020  2:13:10.07 
Thu 02/20/2020  3:13:06.68 
Thu 02/20/2020  4:13:08.19 
Thu 02/20/2020  5:13:07.71 
Thu 02/20/2020  6:13:09.12 
Thu 02/20/2020  7:13:16.64 
Thu 02/20/2020  8:13:10.18 
Thu 02/20/2020  9:13:11.86 
Thu 02/20/2020 10:13:11.06 
Thu 02/20/2020 11:13:11.94 
Thu 02/20/2020 12:13:12.46 
Thu 02/20/2020 13:13:13.02 
Thu 02/20/2020 14:13:11.81 
Thu 02/20/2020 15:13:12.96 
Thu 02/20/2020 16:13:15.37 
Thu 02/20/2020 17:13:15.64 
Thu 02/20/2020 18:13:14.93 
Thu 02/20/2020 19:13:14.85 
Thu 02/20/2020 20:13:16.06 
Thu 02/20/2020 21:13:17.85 
Thu 02/20/2020 22:13:17.40 
Thu 02/20/2020 23:13:18.16 
Fri 02/21/2020  0:13:19.46 
Fri 02/21/2020  1:13:18.53 
Fri 02/21/2020  2:13:19.69 
Fri 02/21/2020  3:13:21.19 
Fri 02/21/2020  4:13:20.94 
Fri 02/21/2020  5:13:21.81 
Fri 02/21/2020  6:13:22.62 
Fri 02/21/2020  7:13:22.08 
Fri 02/21/2020  8:13:21.73 
Fri 02/21/2020  9:13:23.57 
Fri 02/21/2020 10:13:27.29 
Fri 02/21/2020 11:13:23.64 
Fri 02/21/2020 12:13:25.16 
Fri 02/21/2020 13:13:26.60 
Fri 02/21/2020 14:13:25.68 
Fri 02/21/2020 15:13:26.11 
Fri 02/21/2020 16:13:25.88 
Fri 02/21/2020 17:13:30.02 
Fri 02/21/2020 18:13:26.20 
Fri 02/21/2020 19:13:27.69 
Fri 02/21/2020 20:13:33.02 
Fri 02/21/2020 21:13:28.20 
Fri 02/21/2020 22:13:28.81 
Fri 02/21/2020 23:13:30.25 
Sat 02/22/2020  0:13:29.79 
Sat 02/22/2020  1:13:31.00 
Sat 02/22/2020  2:13:30.20 
Sat 02/22/2020  3:13:30.91 
Sat 02/22/2020  4:13:30.92 
Sat 02/22/2020  5:13:35.60 
Sat 02/22/2020  6:13:32.10 
Sat 02/22/2020  7:13:33.14 
Sat 02/22/2020  8:13:36.68 
Sat 02/22/2020  9:13:40.50 
Sat 02/22/2020 10:13:35.92 
Sat 02/22/2020 11:13:35.26 
Sat 02/22/2020 12:13:35.21 
Sat 02/22/2020 13:13:36.77 
Sat 02/22/2020 14:13:37.61 
Sat 02/22/2020 15:13:37.28 
Sat 02/22/2020 16:13:38.53 
Sat 02/22/2020 17:13:37.97 
Sat 02/22/2020 18:13:48.56 
Sat 02/22/2020 19:14:09.04 
Sat 02/22/2020 20:13:41.59 
Sat 02/22/2020 21:13:41.38 
Sat 02/22/2020 22:13:41.30 
Sat 02/22/2020 23:13:40.92 
Sun 02/23/2020  0:13:41.94 
Sun 02/23/2020  1:13:42.12 
Sun 02/23/2020  2:13:42.65 
Sun 02/23/2020  3:13:49.79 
Sun 02/23/2020  4:13:44.92 
Sun 02/23/2020  5:13:44.06 
Sun 02/23/2020  6:13:45.68 
Sun 02/23/2020  7:13:45.78 
Sun 02/23/2020  8:13:46.38 
Sun 02/23/2020  9:13:45.95 
Sun 02/23/2020 10:13:48.05 
Sun 02/23/2020 11:13:46.99 
Sun 02/23/2020 12:13:47.36 
Sun 02/23/2020 13:13:48.50 
Sun 02/23/2020 14:13:55.45 
Sun 02/23/2020 15:13:50.38 
Sun 02/23/2020 16:13:50.03 
Sun 02/23/2020 17:13:52.96 
Sun 02/23/2020 18:13:50.49 
Sun 02/23/2020 19:13:51.39 
Sun 02/23/2020 20:13:51.93 
Sun 02/23/2020 21:13:52.17 
Sun 02/23/2020 22:13:52.40 
Sun 02/23/2020 23:13:52.69 
Mon 02/24/2020  0:13:54.32 
Mon 02/24/2020  1:13:53.10 
Mon 02/24/2020  2:13:53.87 
Mon 02/24/2020  3:13:54.43 
Mon 02/24/2020  4:13:56.53 
Mon 02/24/2020  5:13:54.41 
Mon 02/24/2020  6:13:54.60 
Mon 02/24/2020  7:13:55.06 
Mon 02/24/2020  8:13:55.71 
Mon 02/24/2020  9:14:00.18 
Mon 02/24/2020 10:13:56.54 
Mon 02/24/2020 11:13:56.98 
Mon 02/24/2020 12:13:58.84 
Mon 02/24/2020 13:13:58.46 
Mon 02/24/2020 14:13:58.59 
Mon 02/24/2020 15:13:59.00 
Mon 02/24/2020 16:14:15.26 
Mon 02/24/2020 17:14:00.11 
Mon 02/24/2020 18:14:00.93 
Mon 02/24/2020 19:14:01.37 
Mon 02/24/2020 20:14:02.69 
Mon 02/24/2020 21:14:02.78 
Mon 02/24/2020 22:14:02.94 
Mon 02/24/2020 23:14:03.22 
Tue 02/25/2020  0:14:06.09 
Tue 02/25/2020  1:14:04.74 
Tue 02/25/2020  2:14:04.65 
Tue 02/25/2020  3:14:05.23 
Tue 02/25/2020  4:14:06.61 
Tue 02/25/2020  5:14:06.82 
Tue 02/25/2020  6:14:06.78 
Tue 02/25/2020  7:14:07.90 
Tue 02/25/2020  8:14:07.33 
Tue 02/25/2020  9:14:09.01 
Tue 02/25/2020 10:14:08.70 
Tue 02/25/2020 11:14:08.83 
Tue 02/25/2020 12:14:09.67 
Tue 02/25/2020 13:14:09.13 
Tue 02/25/2020 14:14:09.85 
Tue 02/25/2020 15:15:19.83 
